Performing C SOURCE FILE Test CMAKE_HAVE_LIBC_PTHREAD failed with the following output:
Change Dir: /home/cardiff/Desktop/gr-litexgnu/build/CMakeFiles/CMakeTmp

Run Build Command(s):/usr/bin/gmake cmTC_44d21/fast && /usr/bin/gmake  -f CMakeFiles/cmTC_44d21.dir/build.make CMakeFiles/cmTC_44d21.dir/build
gmake[1]: Entering directory '/home/cardiff/Desktop/gr-litexgnu/build/CMakeFiles/CMakeTmp'
Building C object CMakeFiles/cmTC_44d21.dir/src.c.o
/usr/bin/cc   -DCMAKE_HAVE_LIBC_PTHREAD -std=gnu11 -o CMakeFiles/cmTC_44d21.dir/src.c.o -c /home/cardiff/Desktop/gr-litexgnu/build/CMakeFiles/CMakeTmp/src.c
Linking C executable cmTC_44d21
/usr/bin/cmake -E cmake_link_script CMakeFiles/cmTC_44d21.dir/link.txt --verbose=1
/usr/bin/cc  -DCMAKE_HAVE_LIBC_PTHREAD CMakeFiles/cmTC_44d21.dir/src.c.o -o cmTC_44d21 
/usr/bin/ld: CMakeFiles/cmTC_44d21.dir/src.c.o: in function `main':
src.c:(.text+0x46): undefined reference to `pthread_create'
/usr/bin/ld: src.c:(.text+0x52): undefined reference to `pthread_detach'
/usr/bin/ld: src.c:(.text+0x5e): undefined reference to `pthread_cancel'
/usr/bin/ld: src.c:(.text+0x6f): undefined reference to `pthread_join'
collect2: error: ld returned 1 exit status
gmake[1]: *** [CMakeFiles/cmTC_44d21.dir/build.make:106: cmTC_44d21] Error 1
gmake[1]: Leaving directory '/home/cardiff/Desktop/gr-litexgnu/build/CMakeFiles/CMakeTmp'
gmake: *** [Makefile:140: cmTC_44d21/fast] Error 2


Source file was:
#include <pthread.h>

void* test_func(void* data)
{
  return data;
}

int main(void)
{
  pthread_t thread;
  pthread_create(&thread, NULL, test_func, NULL);
  pthread_detach(thread);
  pthread_cancel(thread);
  pthread_join(thread, NULL);
  pthread_atfork(NULL, NULL, NULL);
  pthread_exit(NULL);

  return 0;
}

Determining if the function pthread_create exists in the pthreads failed with the following output:
Change Dir: /home/cardiff/Desktop/gr-litexgnu/build/CMakeFiles/CMakeTmp

Run Build Command(s):/usr/bin/gmake cmTC_1db54/fast && /usr/bin/gmake  -f CMakeFiles/cmTC_1db54.dir/build.make CMakeFiles/cmTC_1db54.dir/build
gmake[1]: Entering directory '/home/cardiff/Desktop/gr-litexgnu/build/CMakeFiles/CMakeTmp'
Building C object CMakeFiles/cmTC_1db54.dir/CheckFunctionExists.c.o
/usr/bin/cc   -DCHECK_FUNCTION_EXISTS=pthread_create -std=gnu11 -o CMakeFiles/cmTC_1db54.dir/CheckFunctionExists.c.o -c /usr/share/cmake-3.18/Modules/CheckFunctionExists.c
Linking C executable cmTC_1db54
/usr/bin/cmake -E cmake_link_script CMakeFiles/cmTC_1db54.dir/link.txt --verbose=1
/usr/bin/cc  -DCHECK_FUNCTION_EXISTS=pthread_create CMakeFiles/cmTC_1db54.dir/CheckFunctionExists.c.o -o cmTC_1db54  -lpthreads 
/usr/bin/ld: cannot find -lpthreads
collect2: error: ld returned 1 exit status
gmake[1]: *** [CMakeFiles/cmTC_1db54.dir/build.make:106: cmTC_1db54] Error 1
gmake[1]: Leaving directory '/home/cardiff/Desktop/gr-litexgnu/build/CMakeFiles/CMakeTmp'
gmake: *** [Makefile:140: cmTC_1db54/fast] Error 2



